execve("./myls", ["./myls"], 0x7ffe2119bb20 /* 37 vars */) = 0
brk(NULL)                               = 0x5586eb615000
arch_prctl(0x3001 /* ARCH_??? */, 0x7ffff6b17e70) = -1 EINVAL (Invalid argument)
access("/etc/ld.so.preload", R_OK)      = -1 ENOENT (No such file or directory)
openat(AT_FDCWD, "/etc/ld.so.cache", O_RDONLY|O_CLOEXEC) = 3
newfstatat(3, "", {st_mode=S_IFREG|0644, st_size=53120, ...}, AT_EMPTY_PATH) = 0
mmap(NULL, 53120, PROT_READ, MAP_PRIVATE, 3, 0) = 0x7f6dfd3a8000
close(3)                                = 0
openat(AT_FDCWD, "/usr/lib/libc.so.6", O_RDONLY|O_CLOEXEC) = 3
read(3, "\177ELF\2\1\1\3\0\0\0\0\0\0\0\0\3\0>\0\1\0\0\0`|\2\0\0\0\0\0"..., 832) = 832
pread64(3, "\6\0\0\0\4\0\0\0@\0\0\0\0\0\0\0@\0\0\0\0\0\0\0@\0\0\0\0\0\0\0"..., 784, 64) = 784
pread64(3, "\4\0\0\0@\0\0\0\5\0\0\0GNU\0\2\0\0\300\4\0\0\0\3\0\0\0\0\0\0\0"..., 80, 848) = 80
pread64(3, "\4\0\0\0\24\0\0\0\3\0\0\0GNU\0K@g7\5w\10\300\344\306B4Zp<G"..., 68, 928) = 68
newfstatat(3, "", {st_mode=S_IFREG|0755, st_size=2150424, ...}, AT_EMPTY_PATH) = 0
mmap(NULL, 8192, PROT_READ|PROT_WRITE, MAP_PRIVATE|MAP_ANONYMOUS, -1, 0) = 0x7f6dfd3a6000
pread64(3, "\6\0\0\0\4\0\0\0@\0\0\0\0\0\0\0@\0\0\0\0\0\0\0@\0\0\0\0\0\0\0"..., 784, 64) = 784
mmap(NULL, 1880536, PROT_READ, MAP_PRIVATE|MAP_DENYWRITE, 3, 0) = 0x7f6dfd1da000
mmap(0x7f6dfd200000, 1355776, PROT_READ|PROT_EXEC, MAP_PRIVATE|MAP_FIXED|MAP_DENYWRITE, 3, 0x26000) = 0x7f6dfd200000
mmap(0x7f6dfd34b000, 311296, PROT_READ, MAP_PRIVATE|MAP_FIXED|MAP_DENYWRITE, 3, 0x171000) = 0x7f6dfd34b000
mmap(0x7f6dfd397000, 24576, PROT_READ|PROT_WRITE, MAP_PRIVATE|MAP_FIXED|MAP_DENYWRITE, 3, 0x1bc000) = 0x7f6dfd397000
mmap(0x7f6dfd39d000, 33240, PROT_READ|PROT_WRITE, MAP_PRIVATE|MAP_FIXED|MAP_ANONYMOUS, -1, 0) = 0x7f6dfd39d000
close(3)                                = 0
mmap(NULL, 8192, PROT_READ|PROT_WRITE, MAP_PRIVATE|MAP_ANONYMOUS, -1, 0) = 0x7f6dfd1d8000
arch_prctl(ARCH_SET_FS, 0x7f6dfd3a75c0) = 0
mprotect(0x7f6dfd397000, 12288, PROT_READ) = 0
mprotect(0x5586e97d1000, 4096, PROT_READ) = 0
mprotect(0x7f6dfd3e3000, 8192, PROT_READ) = 0
munmap(0x7f6dfd3a8000, 53120)           = 0
newfstatat(AT_FDCWD, ".", {st_mode=S_IFDIR|0755, st_size=4096, ...}, 0) = 0
openat(AT_FDCWD, ".", O_RDONLY|O_NONBLOCK|O_CLOEXEC|O_DIRECTORY) = 3
newfstatat(3, "", {st_mode=S_IFDIR|0755, st_size=4096, ...}, AT_EMPTY_PATH) = 0
brk(NULL)                               = 0x5586eb615000
brk(0x5586eb636000)                     = 0x5586eb636000
getdents64(3, 0x5586eb6152d0 /* 9 entries */, 32768) = 256
newfstatat(1, "", {st_mode=S_IFCHR|0620, st_rdev=makedev(0x88, 0), ...}, AT_EMPTY_PATH) = 0
getdents64(3, 0x5586eb6152d0 /* 0 entries */, 32768) = 0
close(3)                                = 0
write(1, "strance.out Makefile myls.c READ"..., 41) = 41
exit_group(0)                           = ?
+++ exited with 0 +++
